# JRE version: OpenJDK Runtime Environment Corretto-17.0.9.8.1 (17.0.9+8) (build 17.0.9+8-LTS)
# Java VM: OpenJDK 64-Bit Server VM Corretto-17.0.9.8.1 (17.0.9+8-LTS, mixed mode, sharing, tiered, compressed oops, compressed class ptrs, g1 gc, windows-amd64)
GC Precious Log:
 CPUs: 4 total, 4 available
 Memory: 16298M
 Large Page Support: Disabled
 NUMA Support: Disabled
 Compressed Oops: Enabled (32-bit)
 Heap Region Size: 1M
 Heap Min Capacity: 256M
 Heap Initial Capacity: 256M
 Heap Max Capacity: 512M
 Pre-touch: Disabled
 Parallel Workers: 4
 Concurrent Workers: 1
 Concurrent Refinement Workers: 4
 Periodic GC: Disabled
Heap:
 garbage-first heap   total 367616K, used 264105K [0x00000000e0000000, 0x0000000100000000)
  region size 1024K, 112 young (114688K), 2 survivors (2048K)
 Metaspace       used 100857K, committed 101760K, reserved 458752K
  class space    used 13234K, committed 13632K, reserved 327680K
GC Heap History (20 events):
Event: 9400.824 GC heap before
{Heap before GC invocations=21 (full 0):
 garbage-first heap   total 262144K, used 142362K [0x00000000e0000000, 0x0000000100000000)
  region size 1024K, 12 young (12288K), 8 survivors (8192K)
 Metaspace       used 90902K, committed 91584K, reserved 458752K
  class space    used 12104K, committed 12416K, reserved 327680K
}
Event: 9400.836 GC heap after
{Heap after GC invocations=22 (full 0):
 garbage-first heap   total 262144K, used 135451K [0x00000000e0000000, 0x0000000100000000)
  region size 1024K, 1 young (1024K), 1 survivors (1024K)
 Metaspace       used 90902K, committed 91584K, reserved 458752K
  class space    used 12104K, committed 12416K, reserved 327680K
}
Event: 9401.990 GC heap before
{Heap before GC invocations=22 (full 0):
 garbage-first heap   total 262144K, used 213275K [0x00000000e0000000, 0x0000000100000000)
  region size 1024K, 78 young (79872K), 1 survivors (1024K)
 Metaspace       used 94004K, committed 94720K, reserved 458752K
  class space    used 12457K, committed 12800K, reserved 327680K
}
Event: 9401.999 GC heap after
{Heap after GC invocations=23 (full 0):
 garbage-first heap   total 262144K, used 139188K [0x00000000e0000000, 0x0000000100000000)
  region size 1024K, 5 young (5120K), 5 survivors (5120K)
 Metaspace       used 94004K, committed 94720K, reserved 458752K
  class space    used 12457K, committed 12800K, reserved 327680K
}
Event: 9403.355 GC heap before
{Heap before GC invocations=24 (full 0):
 garbage-first heap   total 262144K, used 213940K [0x00000000e0000000, 0x0000000100000000)
  region size 1024K, 79 young (80896K), 5 survivors (5120K)
 Metaspace       used 93128K, committed 93888K, reserved 458752K
  class space    used 12324K, committed 12736K, reserved 327680K
}
Event: 9403.363 GC heap after
{Heap after GC invocations=25 (full 0):
 garbage-first heap   total 262144K, used 150073K [0x00000000e0000000, 0x0000000100000000)
  region size 1024K, 10 young (10240K), 10 survivors (10240K)
 Metaspace       used 93128K, committed 93888K, reserved 458752K
  class space    used 12324K, committed 12736K, reserved 327680K
}
Event: 9403.377 GC heap before
{Heap before GC invocations=25 (full 0):
 garbage-first heap   total 262144K, used 152121K [0x00000000e0000000, 0x0000000100000000)
  region size 1024K, 12 young (12288K), 10 survivors (10240K)
 Metaspace       used 93130K, committed 93888K, reserved 458752K
  class space    used 12324K, committed 12736K, reserved 327680K
}
Event: 9403.388 GC heap after
{Heap after GC invocations=26 (full 0):
 garbage-first heap   total 262144K, used 140560K [0x00000000e0000000, 0x0000000100000000)
  region size 1024K, 2 young (2048K), 2 survivors (2048K)
 Metaspace       used 93130K, committed 93888K, reserved 458752K
  class space    used 12324K, committed 12736K, reserved 327680K
}
Event: 9797.448 GC heap before
{Heap before GC invocations=26 (full 0):
 garbage-first heap   total 262144K, used 210192K [0x00000000e0000000, 0x0000000100000000)
  region size 1024K, 71 young (72704K), 2 survivors (2048K)
 Metaspace       used 95119K, committed 95872K, reserved 458752K
  class space    used 12620K, committed 12992K, reserved 327680K
}
Event: 9797.459 GC heap after
{Heap after GC invocations=27 (full 0):
 garbage-first heap   total 262144K, used 146865K [0x00000000e0000000, 0x0000000100000000)
  region size 1024K, 8 young (8192K), 8 survivors (8192K)
 Metaspace       used 95119K, committed 95872K, reserved 458752K
  class space    used 12620K, committed 12992K, reserved 327680K
}
Event: 9798.641 GC heap before
{Heap before GC invocations=28 (full 0):
 garbage-first heap   total 262144K, used 211377K [0x00000000e0000000, 0x0000000100000000)
  region size 1024K, 72 young (73728K), 8 survivors (8192K)
 Metaspace       used 96092K, committed 96832K, reserved 458752K
  class space    used 12711K, committed 13056K, reserved 327680K
}
Event: 9798.656 GC heap after
{Heap after GC invocations=29 (full 0):
 garbage-first heap   total 262144K, used 151269K [0x00000000e0000000, 0x0000000100000000)
  region size 1024K, 6 young (6144K), 6 survivors (6144K)
 Metaspace       used 96092K, committed 96832K, reserved 458752K
  class space    used 12711K, committed 13056K, reserved 327680K
}
Event: 9798.724 GC heap before
{Heap before GC invocations=29 (full 0):
 garbage-first heap   total 262144K, used 156389K [0x00000000e0000000, 0x0000000100000000)
  region size 1024K, 12 young (12288K), 6 survivors (6144K)
 Metaspace       used 96107K, committed 96896K, reserved 458752K
  class space    used 12711K, committed 13056K, reserved 327680K
}
Event: 9798.737 GC heap after
{Heap after GC invocations=30 (full 0):
 garbage-first heap   total 262144K, used 143187K [0x00000000e0000000, 0x0000000100000000)
  region size 1024K, 2 young (2048K), 2 survivors (2048K)
 Metaspace       used 96107K, committed 96896K, reserved 458752K
  class space    used 12711K, committed 13056K, reserved 327680K
}
Event: 9799.579 GC heap before
{Heap before GC invocations=30 (full 0):
 garbage-first heap   total 262144K, used 211795K [0x00000000e0000000, 0x0000000100000000)
  region size 1024K, 70 young (71680K), 2 survivors (2048K)
 Metaspace       used 97696K, committed 98432K, reserved 458752K
  class space    used 12892K, committed 13248K, reserved 327680K
}
Event: 9799.588 GC heap after
{Heap after GC invocations=31 (full 0):
 garbage-first heap   total 367616K, used 146933K [0x00000000e0000000, 0x0000000100000000)
  region size 1024K, 6 young (6144K), 6 survivors (6144K)
 Metaspace       used 97696K, committed 98432K, reserved 458752K
  class space    used 12892K, committed 13248K, reserved 327680K
}
Event: 9992.173 GC heap before
{Heap before GC invocations=32 (full 0):
 garbage-first heap   total 367616K, used 288245K [0x00000000e0000000, 0x0000000100000000)
  region size 1024K, 145 young (148480K), 6 survivors (6144K)
 Metaspace       used 98553K, committed 99456K, reserved 458752K
  class space    used 12975K, committed 13376K, reserved 327680K
}
Event: 9992.189 GC heap after
{Heap after GC invocations=33 (full 0):
 garbage-first heap   total 367616K, used 156672K [0x00000000e0000000, 0x0000000100000000)
  region size 1024K, 15 young (15360K), 15 survivors (15360K)
 Metaspace       used 98553K, committed 99456K, reserved 458752K
  class space    used 12975K, committed 13376K, reserved 327680K
}
Event: 9992.207 GC heap before
{Heap before GC invocations=33 (full 0):
 garbage-first heap   total 367616K, used 158720K [0x00000000e0000000, 0x0000000100000000)
  region size 1024K, 17 young (17408K), 15 survivors (15360K)
 Metaspace       used 98557K, committed 99456K, reserved 458752K
  class space    used 12975K, committed 13376K, reserved 327680K
}
Event: 9992.224 GC heap after
{Heap after GC invocations=34 (full 0):
 garbage-first heap   total 367616K, used 152489K [0x00000000e0000000, 0x0000000100000000)
  region size 1024K, 2 young (2048K), 2 survivors (2048K)
 Metaspace       used 98557K, committed 99456K, reserved 458752K
  class space    used 12975K, committed 13376K, reserved 327680K
}

